ERROR: 2022/08/04 14:41:21 main.go:53: 04/08/2022 14:41:21 main.go:23: test message

ERROR: 2022/08/04 14:43:08 main.go:53: 04/08/2022 14:43:08 main.go:23: test message

ERROR: 2022/08/04 14:43:39 main.go:53: 04/08/2022 14:43:39 main.go:230: test message

ERROR: 2022/08/04 14:44:04 main.go:53: 04/08/2022 14:44:04 main.go:33: test message

ERROR: 2022/08/04 14:44:35 main.go:53: 04/08/2022 14:44:35 main.go:33: test message

ERROR: 2022/08/04 14:44:54 main.go:53: 04/08/2022 14:44:54 main.go:33: test message

ERROR: 2022/08/04 14:46:23 main.go:52: 04/08/2022 14:46:23 main.go:33: test message

ERROR: 2022/08/04 14:46:42 main.go:52: 04/08/2022 14:46:42 main.go:33: test message

ERROR: 2022/08/04 14:46:53 main.go:52: 04/08/2022 14:46:53 main.go:33: test message

ERROR: 2022/08/04 14:47:04 main.go:52: 04/08/2022 14:47:04 main.go:33: test message

ERROR: 2022/08/04 14:47:13 main.go:52: 04/08/2022 14:47:13 main.go:33: test message

ERROR: 2022/08/04 14:47:33 main.go:52: 04/08/2022 14:47:33 main.go:33: test message

ERROR: 2022/08/04 14:47:43 main.go:52: 04/08/2022 14:47:43 main.go:33: test message

ERROR: 2022/08/04 14:47:55 main.go:52: 04/08/2022 14:47:55 main.go:33: test message

ERROR: 2022/08/04 14:48:07 main.go:52: 04/08/2022 14:48:07 main.go:33: test message

ERROR: 2022/08/04 14:48:38 main.go:52: 04/08/2022 14:48:38 main.go:33: test message

ERROR: 2022/08/04 14:48:55 main.go:52: 04/08/2022 14:48:55 main.go:33: test message

ERROR: 2022/08/04 14:49:21 main.go:52: 04/08/2022 14:49:21 main.go:33: test message

ERROR: 2022/08/04 14:49:35 main.go:52: 04/08/2022 14:49:35 main.go:33: test message

ERROR: 2022/08/04 14:50:14 main.go:52: 04/08/2022 14:50:14 main.go:33: test message

ERROR: 2022/08/04 14:50:41 main.go:52: 04/08/2022 14:50:41 main.go:33: test message

ERROR: 2022/08/04 14:51:39 main.go:106: 04/08/2022 14:51:39 main.go:33: test message

ERROR: 2022/08/04 14:52:52 main.go:52: 04/08/2022 14:52:52 main.go:33: test message

ERROR: 2022/08/04 14:53:12 main.go:52: 04/08/2022 14:53:12 main.go:33: test message

ERROR: 2022/08/04 14:53:27 main.go:52: 04/08/2022 14:53:27 main.go:33: test message

ERROR: 2022/08/04 14:53:45 main.go:52: 04/08/2022 14:53:45 main.go:33: test message

ERROR: 2022/08/04 14:53:57 main.go:52: 04/08/2022 14:53:57 main.go:33: test message

ERROR: 2022/08/04 14:54:12 main.go:52: 04/08/2022 14:54:12 main.go:33: test message

ERROR: 2022/08/04 14:55:30 main.go:33: test message

ERROR: 2022/08/04 14:57:38 main.go:33: test message
ERROR: 2022/08/04 14:57:59 main.go:33: test message
ERROR: 2022/08/04 14:58:14 main.go:33: test message
2022/08/04 15:01:46 main.go:33: test message
2022/08/04 15:01:48 main.go:33: test message
ERROR: 2022/08/04 15:02:40 main.go:33: test message
ERROR: 2022/08/04 15:02:42 main.go:33: test message
ERROR: 2022/08/04 15:11:57 main.go:33: test message
ERROR: 2022/08/04 15:29:53 main.go:33: test message
ERROR: 2022/08/06 15:12:38 main.go:33: test message
ERROR: sql: no rows in result setERROR: sql: no rows in result set